<?xml version="1.0" encoding="UTF-8"?>
<testng-results skipped="0" failed="0" ignored="0" total="1" passed="1">
  <reporter-output>
  </reporter-output>
  <suite name="Default suite" duration-ms="60" started-at="2020-05-20T12:14:31Z" finished-at="2020-05-20T12:14:32Z">
    <groups>
    </groups>
    <test name="Default test" duration-ms="60" started-at="2020-05-20T12:14:31Z" finished-at="2020-05-20T12:14:32Z">
      <class name="unitTest.TestCompare">
        <test-method status="PASS" signature="test1()[pri:0, instance:unitTest.TestCompare@51931956]" name="test1" duration-ms="18" started-at="2020-05-20T12:14:32Z" finished-at="2020-05-20T12:14:32Z">
          <reporter-output>
          </reporter-output>
        </test-method> <!-- test1 -->
      </class> <!-- unitTest.TestCompare -->
    </test> <!-- Default test -->
  </suite> <!-- Default suite -->
</testng-results>
